[debug] [2020-08-14T13:24:51.714Z] ----------------------------------------------------------------------
[debug] [2020-08-14T13:24:51.716Z] Command:       /home/thiago/.nvm/versions/node/v12.18.3/bin/node /home/thiago/.nvm/versions/node/v12.18.3/bin/firebase emulators:start
[debug] [2020-08-14T13:24:51.716Z] CLI Version:   8.7.0
[debug] [2020-08-14T13:24:51.716Z] Platform:      linux
[debug] [2020-08-14T13:24:51.716Z] Node Version:  v12.18.3
[debug] [2020-08-14T13:24:51.720Z] Time:          Fri Aug 14 2020 10:24:51 GMT-0300 (GMT-03:00)
[debug] [2020-08-14T13:24:51.720Z] ----------------------------------------------------------------------
[debug] [2020-08-14T13:24:51.721Z] 
[debug] [2020-08-14T13:24:51.729Z] > command requires scopes: ["email","openid","https://www.googleapis.com/auth/cloudplatformprojects.readonly","https://www.googleapis.com/auth/firebase","https://www.googleapis.com/auth/cloud-platform"]
[debug] [2020-08-14T13:24:51.729Z] > authorizing via signed-in user
[info] i  emulators: Starting emulators: functions, hosting {"metadata":{"emulator":{"name":"hub"},"message":"Starting emulators: functions, hosting"}}
[debug] [2020-08-14T13:24:51.751Z] [hub] writing locator at /tmp/hub-ombrocotovelo-recife.json
[debug] [2020-08-14T13:24:51.784Z] defaultcredentials: writing to file /home/thiago/.config/firebase/thiagoprazeres_gmail_com_application_default_credentials.json
[debug] [2020-08-14T13:24:51.790Z] Setting GAC to /home/thiago/.config/firebase/thiagoprazeres_gmail_com_application_default_credentials.json {"metadata":{"emulator":{"name":"functions"},"message":"Setting GAC to /home/thiago/.config/firebase/thiagoprazeres_gmail_com_application_default_credentials.json"}}
[warn] ⚠  functions: The following emulators are not running, calls to these services from the Functions emulator will affect production: firestore, database, pubsub {"metadata":{"emulator":{"name":"functions"},"message":"The following emulators are not running, calls to these services from the Functions emulator will affect production: \u001b[1mfirestore, database, pubsub\u001b[22m"}}
[warn] ⚠  Your requested "node" version "10" doesn't match your global version "12" {"metadata":{"emulator":{"name":"functions"},"message":"Your requested \"node\" version \"10\" doesn't match your global version \"12\""}}
[debug] [2020-08-14T13:24:51.810Z] > refreshing access token with scopes: ["email","https://www.googleapis.com/auth/cloud-platform","https://www.googleapis.com/auth/cloudplatformprojects.readonly","https://www.googleapis.com/auth/firebase","openid"]
[debug] [2020-08-14T13:24:51.810Z] >>> HTTP REQUEST POST https://www.googleapis.com/oauth2/v3/token  
 <request body omitted>
[debug] [2020-08-14T13:24:51.816Z] fetchWebSetup error: FirebaseError: Authentication Error: Your credentials are no longer valid. Please run firebase login --reauth

For CI servers and headless environments, generate a new token with firebase login:ci
[warn] ⚠  hosting: Using web app configuration from cache. 
[info] i  hosting[ombrocotovelo]: Serving hosting files from: dist/ombrocotovelo {"metadata":{"emulator":{"name":"hosting"},"message":"Serving hosting files from: \u001b[1mdist/ombrocotovelo\u001b[22m"}}
[info] ✔  hosting[ombrocotovelo]: Local server: http://localhost:5000 {"metadata":{"emulator":{"name":"hosting"},"message":"Local server: \u001b[4m\u001b[1mhttp://localhost:5000\u001b[22m\u001b[24m"}}
[debug] [2020-08-14T13:24:51.848Z] Ignoring unsupported arg: auto_download {"metadata":{"emulator":{"name":"ui"},"message":"Ignoring unsupported arg: auto_download"}}
[debug] [2020-08-14T13:24:51.848Z] Ignoring unsupported arg: port {"metadata":{"emulator":{"name":"ui"},"message":"Ignoring unsupported arg: port"}}
[debug] [2020-08-14T13:24:51.848Z] Starting Emulator UI with command {"binary":"node","args":["/home/thiago/.cache/firebase/emulators/ui-v1.1.1/server.bundle.js"],"optionalArgs":[],"joinArgs":false} {"metadata":{"emulator":{"name":"ui"},"message":"Starting Emulator UI with command {\"binary\":\"node\",\"args\":[\"/home/thiago/.cache/firebase/emulators/ui-v1.1.1/server.bundle.js\"],\"optionalArgs\":[],\"joinArgs\":false}"}}
[info] i  ui: Emulator UI logging to ui-debug.log {"metadata":{"emulator":{"name":"ui"},"message":"Emulator UI logging to \u001b[1mui-debug.log\u001b[22m"}}
[debug] [2020-08-14T13:24:51.949Z] Web / API server started at http://localhost:4000
 {"metadata":{"emulator":{"name":"ui"},"message":"Web / API server started at http://localhost:4000\n"}}
[info] i  functions: Watching "/home/thiago/web/ombrocotovelo/functions" for Cloud Functions... {"metadata":{"emulator":{"name":"functions"},"message":"Watching \"/home/thiago/web/ombrocotovelo/functions\" for Cloud Functions..."}}
[debug] [2020-08-14T13:24:52.129Z] [worker-pool] addWorker(~diagnostic~) {"metadata":{"emulator":{"name":"functions"},"message":"[worker-pool] addWorker(~diagnostic~)"}}
[debug] [2020-08-14T13:24:52.129Z] [worker-pool] Adding worker with key ~diagnostic~, total=1 {"metadata":{"emulator":{"name":"functions"},"message":"[worker-pool] Adding worker with key ~diagnostic~, total=1"}}
[debug] [2020-08-14T13:24:52.129Z] [worker-pool] submitWork(triggerId=) {"metadata":{"emulator":{"name":"functions"},"message":"[worker-pool] submitWork(triggerId=)"}}
[debug] [2020-08-14T13:24:52.130Z] [worker-~diagnostic~-caaa5d17-6978-4f0f-b892-5c49790d502e]: Assigning socketPath: /tmp/fire_emu_3947.sock {"metadata":{"emulator":{"name":"functions"},"message":"[worker-~diagnostic~-caaa5d17-6978-4f0f-b892-5c49790d502e]: Assigning socketPath: /tmp/fire_emu_3947.sock"}}
[debug] [2020-08-14T13:24:52.130Z] [worker-~diagnostic~-caaa5d17-6978-4f0f-b892-5c49790d502e]: BUSY {"metadata":{"emulator":{"name":"functions"},"message":"[worker-~diagnostic~-caaa5d17-6978-4f0f-b892-5c49790d502e]: BUSY"}}
[debug] [2020-08-14T13:24:52.420Z] [runtime-status] [3947] Functions runtime initialized. {"cwd":"/home/thiago/web/ombrocotovelo/functions","node_version":"12.18.3"} {"metadata":{"emulator":{"name":"functions"},"message":"[runtime-status] [3947] Functions runtime initialized. {\"cwd\":\"/home/thiago/web/ombrocotovelo/functions\",\"node_version\":\"12.18.3\"}"}}
[debug] [2020-08-14T13:24:52.422Z] [runtime-status] [3947] Disabled runtime features: undefined {"metadata":{"emulator":{"name":"functions"},"message":"[runtime-status] [3947] Disabled runtime features: undefined"}}
[debug] [2020-08-14T13:24:52.434Z] [runtime-status] [3947] Resolved module firebase-admin {"declared":true,"installed":true,"version":"8.13.0","resolution":"/home/thiago/web/ombrocotovelo/functions/node_modules/firebase-admin/lib/index.js"} {"metadata":{"emulator":{"name":"functions"},"message":"[runtime-status] [3947] Resolved module firebase-admin {\"declared\":true,\"installed\":true,\"version\":\"8.13.0\",\"resolution\":\"/home/thiago/web/ombrocotovelo/functions/node_modules/firebase-admin/lib/index.js\"}"}}
[debug] [2020-08-14T13:24:52.436Z] [runtime-status] [3947] Resolved module firebase-functions {"declared":true,"installed":true,"version":"3.9.1","resolution":"/home/thiago/web/ombrocotovelo/functions/node_modules/firebase-functions/lib/index.js"} {"metadata":{"emulator":{"name":"functions"},"message":"[runtime-status] [3947] Resolved module firebase-functions {\"declared\":true,\"installed\":true,\"version\":\"3.9.1\",\"resolution\":\"/home/thiago/web/ombrocotovelo/functions/node_modules/firebase-functions/lib/index.js\"}"}}
[debug] [2020-08-14T13:24:52.437Z] [runtime-status] [3947] Resolved module firebase-functions {"declared":true,"installed":true,"version":"3.9.1","resolution":"/home/thiago/web/ombrocotovelo/functions/node_modules/firebase-functions/lib/index.js"} {"metadata":{"emulator":{"name":"functions"},"message":"[runtime-status] [3947] Resolved module firebase-functions {\"declared\":true,\"installed\":true,\"version\":\"3.9.1\",\"resolution\":\"/home/thiago/web/ombrocotovelo/functions/node_modules/firebase-functions/lib/index.js\"}"}}
[debug] [2020-08-14T13:24:52.439Z] [runtime-status] [3947] Outgoing network have been stubbed. [{"name":"http","status":"mocked"},{"name":"http","status":"mocked"},{"name":"https","status":"mocked"},{"name":"https","status":"mocked"},{"name":"net","status":"mocked"}] {"metadata":{"emulator":{"name":"functions"},"message":"[runtime-status] [3947] Outgoing network have been stubbed. [{\"name\":\"http\",\"status\":\"mocked\"},{\"name\":\"http\",\"status\":\"mocked\"},{\"name\":\"https\",\"status\":\"mocked\"},{\"name\":\"https\",\"status\":\"mocked\"},{\"name\":\"net\",\"status\":\"mocked\"}]"}}
[debug] [2020-08-14T13:24:52.439Z] [runtime-status] [3947] Resolved module firebase-functions {"declared":true,"installed":true,"version":"3.9.1","resolution":"/home/thiago/web/ombrocotovelo/functions/node_modules/firebase-functions/lib/index.js"} {"metadata":{"emulator":{"name":"functions"},"message":"[runtime-status] [3947] Resolved module firebase-functions {\"declared\":true,\"installed\":true,\"version\":\"3.9.1\",\"resolution\":\"/home/thiago/web/ombrocotovelo/functions/node_modules/firebase-functions/lib/index.js\"}"}}
[debug] [2020-08-14T13:24:52.490Z] [runtime-status] [3947] Checked functions.config() {"config":{}} {"metadata":{"emulator":{"name":"functions"},"message":"[runtime-status] [3947] Checked functions.config() {\"config\":{}}"}}
[debug] [2020-08-14T13:24:52.491Z] [runtime-status] [3947] firebase-functions has been stubbed. {"functionsResolution":{"declared":true,"installed":true,"version":"3.9.1","resolution":"/home/thiago/web/ombrocotovelo/functions/node_modules/firebase-functions/lib/index.js"}} {"metadata":{"emulator":{"name":"functions"},"message":"[runtime-status] [3947] firebase-functions has been stubbed. {\"functionsResolution\":{\"declared\":true,\"installed\":true,\"version\":\"3.9.1\",\"resolution\":\"/home/thiago/web/ombrocotovelo/functions/node_modules/firebase-functions/lib/index.js\"}}"}}
[debug] [2020-08-14T13:24:52.491Z] [runtime-status] [3947] Resolved module firebase-functions {"declared":true,"installed":true,"version":"3.9.1","resolution":"/home/thiago/web/ombrocotovelo/functions/node_modules/firebase-functions/lib/index.js"} {"metadata":{"emulator":{"name":"functions"},"message":"[runtime-status] [3947] Resolved module firebase-functions {\"declared\":true,\"installed\":true,\"version\":\"3.9.1\",\"resolution\":\"/home/thiago/web/ombrocotovelo/functions/node_modules/firebase-functions/lib/index.js\"}"}}
[debug] [2020-08-14T13:24:52.492Z] [runtime-status] [3947] Resolved module firebase-admin {"declared":true,"installed":true,"version":"8.13.0","resolution":"/home/thiago/web/ombrocotovelo/functions/node_modules/firebase-admin/lib/index.js"} {"metadata":{"emulator":{"name":"functions"},"message":"[runtime-status] [3947] Resolved module firebase-admin {\"declared\":true,\"installed\":true,\"version\":\"8.13.0\",\"resolution\":\"/home/thiago/web/ombrocotovelo/functions/node_modules/firebase-admin/lib/index.js\"}"}}
[debug] [2020-08-14T13:24:52.493Z] [runtime-status] [3947] Resolved module firebase-functions {"declared":true,"installed":true,"version":"3.9.1","resolution":"/home/thiago/web/ombrocotovelo/functions/node_modules/firebase-functions/lib/index.js"} {"metadata":{"emulator":{"name":"functions"},"message":"[runtime-status] [3947] Resolved module firebase-functions {\"declared\":true,\"installed\":true,\"version\":\"3.9.1\",\"resolution\":\"/home/thiago/web/ombrocotovelo/functions/node_modules/firebase-functions/lib/index.js\"}"}}
[debug] [2020-08-14T13:24:52.493Z] [runtime-status] [3947] firebase-admin has been stubbed. {"adminResolution":{"declared":true,"installed":true,"version":"8.13.0","resolution":"/home/thiago/web/ombrocotovelo/functions/node_modules/firebase-admin/lib/index.js"}} {"metadata":{"emulator":{"name":"functions"},"message":"[runtime-status] [3947] firebase-admin has been stubbed. {\"adminResolution\":{\"declared\":true,\"installed\":true,\"version\":\"8.13.0\",\"resolution\":\"/home/thiago/web/ombrocotovelo/functions/node_modules/firebase-admin/lib/index.js\"}}"}}
[info] ✔  functions[pagar]: http function initialized (http://localhost:5001/ombrocotovelo-recife/us-central1/pagar). {"metadata":{"emulator":{"name":"functions"},"message":"\u001b[1mhttp\u001b[22m function initialized (http://localhost:5001/ombrocotovelo-recife/us-central1/pagar)."}}
[info] 
┌───────────────────────────────────────────────────────────────────────┐
│ ✔  All emulators ready! View status and logs at http://localhost:4000 │
└───────────────────────────────────────────────────────────────────────┘

┌───────────┬────────────────┬─────────────────────────────────┐
│ Emulator  │ Host:Port      │ View in Emulator UI             │
├───────────┼────────────────┼─────────────────────────────────┤
│ Functions │ localhost:5001 │ http://localhost:4000/functions │
├───────────┼────────────────┼─────────────────────────────────┤
│ Hosting   │ localhost:5000 │ n/a                             │
└───────────┴────────────────┴─────────────────────────────────┘
  Other reserved ports: 4400, 4500

Issues? Report them at https://github.com/firebase/firebase-tools/issues and attach the *-debug.log files.
 
[debug] [2020-08-14T13:24:52.555Z] [worker-~diagnostic~-caaa5d17-6978-4f0f-b892-5c49790d502e]: IDLE {"metadata":{"emulator":{"name":"functions"},"message":"[worker-~diagnostic~-caaa5d17-6978-4f0f-b892-5c49790d502e]: IDLE"}}
